c:\users\user\source\repos\img_ksr_200721\img_ksr_200721\debug\img_ksr_200721.pch
c:\users\user\source\repos\img_ksr_200721\img_ksr_200721\debug\vc142.pdb
c:\users\user\source\repos\img_ksr_200721\img_ksr_200721\debug\vc142.idb
c:\users\user\source\repos\img_ksr_200721\img_ksr_200721\debug\pch.obj
c:\users\user\source\repos\img_ksr_200721\img_ksr_200721\debug\viewtree.obj
c:\users\user\source\repos\img_ksr_200721\img_ksr_200721\debug\propertieswnd.obj
c:\users\user\source\repos\img_ksr_200721\img_ksr_200721\debug\outputwnd.obj
c:\users\user\source\repos\img_ksr_200721\img_ksr_200721\debug\mainfrm.obj
c:\users\user\source\repos\img_ksr_200721\img_ksr_200721\debug\img_ksr_200721view.obj
c:\users\user\source\repos\img_ksr_200721\img_ksr_200721\debug\img_ksr_200721doc.obj
c:\users\user\source\repos\img_ksr_200721\img_ksr_200721\debug\img_ksr_200721.obj
c:\users\user\source\repos\img_ksr_200721\img_ksr_200721\debug\fileview.obj
c:\users\user\source\repos\img_ksr_200721\img_ksr_200721\debug\cupsampledlg.obj
c:\users\user\source\repos\img_ksr_200721\img_ksr_200721\debug\cquantizationdlg.obj
c:\users\user\source\repos\img_ksr_200721\img_ksr_200721\debug\classview.obj
c:\users\user\source\repos\img_ksr_200721\img_ksr_200721\debug\childfrm.obj
c:\users\user\source\repos\img_ksr_200721\img_ksr_200721\debug\cdownsampledlg.obj
c:\users\user\source\repos\img_ksr_200721\debug\img_ksr_200721.ilk
c:\users\user\source\repos\img_ksr_200721\debug\img_ksr_200721.exe
c:\users\user\source\repos\img_ksr_200721\debug\img_ksr_200721.pdb
c:\users\user\source\repos\img_ksr_200721\img_ksr_200721\debug\imgksr200721.res
c:\users\user\source\repos\img_ksr_200721\img_ksr_200721\debug\img_ksr_200721.tlog\cl.command.1.tlog
c:\users\user\source\repos\img_ksr_200721\img_ksr_200721\debug\img_ksr_200721.tlog\cl.read.1.tlog
c:\users\user\source\repos\img_ksr_200721\img_ksr_200721\debug\img_ksr_200721.tlog\cl.write.1.tlog
c:\users\user\source\repos\img_ksr_200721\img_ksr_200721\debug\img_ksr_200721.tlog\link.command.1.tlog
c:\users\user\source\repos\img_ksr_200721\img_ksr_200721\debug\img_ksr_200721.tlog\link.read.1.tlog
c:\users\user\source\repos\img_ksr_200721\img_ksr_200721\debug\img_ksr_200721.tlog\link.write.1.tlog
c:\users\user\source\repos\img_ksr_200721\img_ksr_200721\debug\img_ksr_200721.tlog\rc.command.1.tlog
c:\users\user\source\repos\img_ksr_200721\img_ksr_200721\debug\img_ksr_200721.tlog\rc.read.1.tlog
c:\users\user\source\repos\img_ksr_200721\img_ksr_200721\debug\img_ksr_200721.tlog\rc.write.1.tlog
